Build started 6/20/2017 6:36:48 PM.
     1>Project "C:\Users\Mbirkilane\Dropbox\NextBookGithub\SCRIPTS\Programming\Visual_C++\LoadBoard\LoadBoard\LoadBoard.vcxproj" on node 2 (Build target(s)).
     1>C:\Program Files\MSBuild\Microsoft.Cpp\v4.0\V120\Microsoft.MetaGen.targets(91,5): warning : Required file "C:\PROGRAM FILES (X86)\MYSQL\CONNECTOR.NET 6.9\ASSEMBLIES\V4.5\MYSQL.DATA.DLL" is missing.
     1>C:\Program Files\MSBuild\Microsoft.Cpp\v4.0\V120\Microsoft.MetaGen.targets(91,5): warning : Required file "C:\PROGRAM FILES (X86)\MYSQL\CONNECTOR.NET 6.9\ASSEMBLIES\V4.5\MYSQL.DATA.DLL" is missing.
     1>ClCompile:
         C:\Program Files\Microsoft Visual Studio 12.0\VC\bin\CL.exe /c /AI"C:\Program Files\Reference Assemblies\Microsoft\Framework\.NETFramework\v4.5\\" /AI"C:\Program Files\Windows Kits\8.1\References\CommonConfiguration\Neutral" /AI"C:\Program Files\Reference Assemblies\Microsoft\Framework\.NETFramework\v4.5\Facades\\" /Zi /clr /nologo /W3 /WX- /Od /Oy- /D WIN32 /D _DEBUG /D _UNICODE /D UNICODE /EHa /MDd /GS /fp:precise /Zc:wchar_t /Zc:forScope /Fo"Debug\\" /Fd"Debug\vc120.pdb" /TP /FU"C:\Program Files\Reference Assemblies\Microsoft\Framework\.NETFramework\v4.5\mscorlib.dll" /FU"C:\Program Files\MySQL\Connector.NET 6.9\Assemblies\v4.5\MySql.Data.dll" /FU"C:\Program Files\Reference Assemblies\Microsoft\Framework\.NETFramework\v4.5\System.Data.dll" /FU"C:\Program Files\Reference Assemblies\Microsoft\Framework\.NETFramework\v4.5\System.dll" /FU"C:\Program Files\Reference Assemblies\Microsoft\Framework\.NETFramework\v4.5\System.Drawing.dll" /FU"C:\Program Files\Reference Assemblies\Microsoft\Framework\.NETFramework\v4.5\System.Windows.Forms.dll" /FU"C:\Program Files\Reference Assemblies\Microsoft\Framework\.NETFramework\v4.5\System.Xml.dll" /analyze- /errorReport:prompt /clr:nostdlib LoadBoardDisplay.cpp Login.cpp Register.cpp SignUp.cpp
         LoadBoardDisplay.cpp
         Login.cpp
     1>c:\users\mbirkilane\dropbox\nextbookgithub\scripts\programming\visual_c++\loadboard\loadboard\Login.h(2): warning C4067: unexpected tokens following preprocessor directive - expected a newline
         Register.cpp
     1>c:\users\mbirkilane\dropbox\nextbookgithub\scripts\programming\visual_c++\loadboard\loadboard\Register.h(2): warning C4067: unexpected tokens following preprocessor directive - expected a newline
     1>c:\users\mbirkilane\dropbox\nextbookgithub\scripts\programming\visual_c++\loadboard\loadboard\SignUp.h(2): warning C4067: unexpected tokens following preprocessor directive - expected a newline
     1>c:\users\mbirkilane\dropbox\nextbookgithub\scripts\programming\visual_c++\loadboard\loadboard\Login.h(2): warning C4067: unexpected tokens following preprocessor directive - expected a newline
     1>c:\users\mbirkilane\dropbox\nextbookgithub\scripts\programming\visual_c++\loadboard\loadboard\Register.h(3): warning C4067: unexpected tokens following preprocessor directive - expected a newline
     1>Register.cpp(6): warning C4829: Possibly incorrect parameters to function main. Consider 'int main(Platform::Array<Platform::String^>^ argv)'
         SignUp.cpp
     1>c:\users\mbirkilane\dropbox\nextbookgithub\scripts\programming\visual_c++\loadboard\loadboard\SignUp.h(2): warning C4067: unexpected tokens following preprocessor directive - expected a newline
     1>c:\users\mbirkilane\dropbox\nextbookgithub\scripts\programming\visual_c++\loadboard\loadboard\Login.h(2): warning C4067: unexpected tokens following preprocessor directive - expected a newline
         Generating Code...
         C:\Program Files\Microsoft Visual Studio 12.0\VC\bin\CL.exe /c /Zi /clr /nologo /W3 /WX- /Od /Oy- /D WIN32 /D _DEBUG /D _UNICODE /D UNICODE /EHa /MDd /GS /fp:precise /Zc:wchar_t /Zc:forScope /Fo"Debug\\" /Fd"Debug\vc120.pdb" /TP /analyze- /errorReport:prompt "C:\Users\Mbirkilane\AppData\Local\Temp\.NETFramework,Version=v4.5.AssemblyAttributes.cpp"
         .NETFramework,Version=v4.5.AssemblyAttributes.cpp
       Link:
         C:\Program Files\Microsoft Visual Studio 12.0\VC\bin\link.exe /ERRORREPORT:PROMPT /OUT:"C:\Users\Mbirkilane\Dropbox\NextBookGithub\SCRIPTS\Programming\Visual_C++\LoadBoard\Debug\LoadBoard.exe" /INCREMENTAL /NOLOGO /ASSEMBLYRESOURCE:Debug\LoadBoard.LoadBoardDisplay.resources /ASSEMBLYRESOURCE:Debug\LoadBoard.Login.resources /ASSEMBLYRESOURCE:Debug\LoadBoard.Register.resources /ASSEMBLYRESOURCE:Debug\LoadBoard.SignUp.resources /MANIFEST /MANIFESTUAC:"level='asInvoker' uiAccess='false'" /manifest:embed /DEBUG /PDB:"C:\Users\Mbirkilane\Dropbox\NextBookGithub\SCRIPTS\Programming\Visual_C++\LoadBoard\Debug\LoadBoard.pdb" /ASSEMBLYDEBUG /SUBSYSTEM:WINDOWS /TLBID:1 /ENTRY:"main" /DYNAMICBASE /FIXED:NO /NXCOMPAT /MACHINE:X86 Debug\LoadBoardDisplay.obj
         Debug\Login.obj
         Debug\Register.obj
         Debug\SignUp.obj
         "Debug\.NETFramework,Version=v4.5.AssemblyAttributes.obj"
         LoadBoard.vcxproj -> C:\Users\Mbirkilane\Dropbox\NextBookGithub\SCRIPTS\Programming\Visual_C++\LoadBoard\Debug\LoadBoard.exe
     1>Done Building Project "C:\Users\Mbirkilane\Dropbox\NextBookGithub\SCRIPTS\Programming\Visual_C++\LoadBoard\LoadBoard\LoadBoard.vcxproj" (Build target(s)).

Build succeeded.

Time Elapsed 00:00:21.57
